ARM GAS  C:\Users\Rick\AppData\Local\Temp\ccfDQdce.s 			page 1


   1              		.cpu cortex-m3
   2              		.arch armv7-m
   3              		.fpu softvfp
   4              		.eabi_attribute 20, 1
   5              		.eabi_attribute 21, 1
   6              		.eabi_attribute 23, 3
   7              		.eabi_attribute 24, 1
   8              		.eabi_attribute 25, 1
   9              		.eabi_attribute 26, 1
  10              		.eabi_attribute 30, 1
  11              		.eabi_attribute 34, 1
  12              		.eabi_attribute 18, 4
  13              		.file	"usart.c"
  14              		.text
  15              	.Ltext0:
  16              		.cfi_sections	.debug_frame
  17              		.section	.text._sys_exit,"ax",%progbits
  18              		.align	1
  19              		.global	_sys_exit
  20              		.syntax unified
  21              		.thumb
  22              		.thumb_func
  24              	_sys_exit:
  25              	.LVL0:
  26              	.LFB32:
  27              		.file 1 "BASIC/usart/usart.c"
   1:BASIC/usart/usart.c **** #include "usart.h"
   2:BASIC/usart/usart.c **** 
   3:BASIC/usart/usart.c **** #include "misc.h"
   4:BASIC/usart/usart.c **** #include "stm32f10x.h"
   5:BASIC/usart/usart.c **** #include "stm32f10x_gpio.h"
   6:BASIC/usart/usart.c **** #include "stm32f10x_rcc.h"
   7:BASIC/usart/usart.c **** #include "stm32f10x_usart.h"
   8:BASIC/usart/usart.c **** 
   9:BASIC/usart/usart.c **** #if 1
  10:BASIC/usart/usart.c **** /* IARÁºñËØëÂô®ÈáçÂÆöÂêë */
  11:BASIC/usart/usart.c **** #pragma import(__use_no_semihosting)
  12:BASIC/usart/usart.c **** struct __FILE {
  13:BASIC/usart/usart.c ****   int handle;
  14:BASIC/usart/usart.c **** };
  15:BASIC/usart/usart.c **** FILE __stdout;
  16:BASIC/usart/usart.c **** _sys_exit(int x) { x = x; }
  28              		.loc 1 16 18 view -0
  29              		.cfi_startproc
  30              		@ args = 0, pretend = 0, frame = 0
  31              		@ frame_needed = 0, uses_anonymous_args = 0
  32              		@ link register save eliminated.
  33              		.loc 1 16 20 view .LVU1
  34              	.LVL1:
  35              		.loc 1 16 27 is_stmt 0 view .LVU2
  36 0000 7047     		bx	lr
  37              		.cfi_endproc
  38              	.LFE32:
  40              		.section	.text._ttywrch,"ax",%progbits
  41              		.align	1
  42              		.global	_ttywrch
  43              		.syntax unified
ARM GAS  C:\Users\Rick\AppData\Local\Temp\ccfDQdce.s 			page 2


  44              		.thumb
  45              		.thumb_func
  47              	_ttywrch:
  48              	.LVL2:
  49              	.LFB33:
  17:BASIC/usart/usart.c **** _ttywrch(int ch) { ch = ch; }
  50              		.loc 1 17 18 is_stmt 1 view -0
  51              		.cfi_startproc
  52              		@ args = 0, pretend = 0, frame = 0
  53              		@ frame_needed = 0, uses_anonymous_args = 0
  54              		@ link register save eliminated.
  55              		.loc 1 17 20 view .LVU4
  56              	.LVL3:
  57              		.loc 1 17 29 is_stmt 0 view .LVU5
  58 0000 7047     		bx	lr
  59              		.cfi_endproc
  60              	.LFE33:
  62              		.section	.text.fputc,"ax",%progbits
  63              		.align	1
  64              		.global	fputc
  65              		.syntax unified
  66              		.thumb
  67              		.thumb_func
  69              	fputc:
  70              	.LFB34:
  18:BASIC/usart/usart.c **** 
  19:BASIC/usart/usart.c **** int fputc(int ch, FILE* f) {
  71              		.loc 1 19 28 is_stmt 1 view -0
  72              		.cfi_startproc
  73              		@ args = 0, pretend = 0, frame = 0
  74              		@ frame_needed = 0, uses_anonymous_args = 0
  75              		@ link register save eliminated.
  76              	.LVL4:
  77              	.L4:
  20:BASIC/usart/usart.c ****   while ((USART_N->SR & 0x40) == 0)
  21:BASIC/usart/usart.c ****     ;
  78              		.loc 1 21 5 discriminator 1 view .LVU7
  20:BASIC/usart/usart.c ****   while ((USART_N->SR & 0x40) == 0)
  79              		.loc 1 20 9 discriminator 1 view .LVU8
  20:BASIC/usart/usart.c ****   while ((USART_N->SR & 0x40) == 0)
  80              		.loc 1 20 18 is_stmt 0 discriminator 1 view .LVU9
  81 0000 044B     		ldr	r3, .L5
  82 0002 1B88     		ldrh	r3, [r3]
  20:BASIC/usart/usart.c ****   while ((USART_N->SR & 0x40) == 0)
  83              		.loc 1 20 9 discriminator 1 view .LVU10
  84 0004 13F0400F 		tst	r3, #64
  85 0008 FAD0     		beq	.L4
  22:BASIC/usart/usart.c ****   USART_N->DR = (u8)ch;
  86              		.loc 1 22 3 is_stmt 1 view .LVU11
  87              		.loc 1 22 17 is_stmt 0 view .LVU12
  88 000a C2B2     		uxtb	r2, r0
  89              		.loc 1 22 15 view .LVU13
  90 000c 014B     		ldr	r3, .L5
  91 000e 9A80     		strh	r2, [r3, #4]	@ movhi
  23:BASIC/usart/usart.c ****   return ch;
  92              		.loc 1 23 3 is_stmt 1 view .LVU14
  24:BASIC/usart/usart.c **** }
ARM GAS  C:\Users\Rick\AppData\Local\Temp\ccfDQdce.s 			page 3


  93              		.loc 1 24 1 is_stmt 0 view .LVU15
  94 0010 7047     		bx	lr
  95              	.L6:
  96 0012 00BF     		.align	2
  97              	.L5:
  98 0014 00380140 		.word	1073821696
  99              		.cfi_endproc
 100              	.LFE34:
 102              		.section	.text._write,"ax",%progbits
 103              		.align	1
 104              		.global	_write
 105              		.syntax unified
 106              		.thumb
 107              		.thumb_func
 109              	_write:
 110              	.LVL5:
 111              	.LFB35:
  25:BASIC/usart/usart.c **** 
  26:BASIC/usart/usart.c **** /* GCCÁºñËØëÂô®ÈáçÂÆöÂêë */
  27:BASIC/usart/usart.c **** int _write(int fd, char* pBuffer, int size) {
 112              		.loc 1 27 45 is_stmt 1 view -0
 113              		.cfi_startproc
 114              		@ args = 0, pretend = 0, frame = 0
 115              		@ frame_needed = 0, uses_anonymous_args = 0
 116              		.loc 1 27 45 is_stmt 0 view .LVU17
 117 0000 1046     		mov	r0, r2
 118              	.LVL6:
  28:BASIC/usart/usart.c ****   for (int i = 0; i < size; i++) {
 119              		.loc 1 28 3 is_stmt 1 view .LVU18
 120              	.LBB2:
 121              		.loc 1 28 8 view .LVU19
 122              		.loc 1 28 12 is_stmt 0 view .LVU20
 123 0002 4FF0000C 		mov	ip, #0
 124              	.LVL7:
 125              		.loc 1 28 19 is_stmt 1 view .LVU21
 126              		.loc 1 28 3 is_stmt 0 view .LVU22
 127 0006 9445     		cmp	ip, r2
 128 0008 10DA     		bge	.L14
 129              	.LBE2:
  27:BASIC/usart/usart.c ****   for (int i = 0; i < size; i++) {
 130              		.loc 1 27 45 view .LVU23
 131 000a 00B5     		push	{lr}
 132              	.LCFI0:
 133              		.cfi_def_cfa_offset 4
 134              		.cfi_offset 14, -4
 135              	.L9:
 136              	.LBB3:
  29:BASIC/usart/usart.c ****     while ((USART_N->SR & 0x40) == 0)
  30:BASIC/usart/usart.c ****       ;
 137              		.loc 1 30 7 is_stmt 1 discriminator 1 view .LVU24
  29:BASIC/usart/usart.c ****     while ((USART_N->SR & 0x40) == 0)
 138              		.loc 1 29 11 discriminator 1 view .LVU25
  29:BASIC/usart/usart.c ****     while ((USART_N->SR & 0x40) == 0)
 139              		.loc 1 29 20 is_stmt 0 discriminator 1 view .LVU26
 140 000c 084B     		ldr	r3, .L15
 141 000e 1B88     		ldrh	r3, [r3]
  29:BASIC/usart/usart.c ****     while ((USART_N->SR & 0x40) == 0)
ARM GAS  C:\Users\Rick\AppData\Local\Temp\ccfDQdce.s 			page 4


 142              		.loc 1 29 11 discriminator 1 view .LVU27
 143 0010 13F0400F 		tst	r3, #64
 144 0014 FAD0     		beq	.L9
  31:BASIC/usart/usart.c ****     USART_N->DR = *((u8*)pBuffer + i);
 145              		.loc 1 31 5 is_stmt 1 discriminator 2 view .LVU28
 146              		.loc 1 31 19 is_stmt 0 discriminator 2 view .LVU29
 147 0016 11F80CE0 		ldrb	lr, [r1, ip]	@ zero_extendqisi2
 148              		.loc 1 31 17 discriminator 2 view .LVU30
 149 001a 054B     		ldr	r3, .L15
 150 001c A3F804E0 		strh	lr, [r3, #4]	@ movhi
  28:BASIC/usart/usart.c ****     while ((USART_N->SR & 0x40) == 0)
 151              		.loc 1 28 29 is_stmt 1 discriminator 2 view .LVU31
  28:BASIC/usart/usart.c ****     while ((USART_N->SR & 0x40) == 0)
 152              		.loc 1 28 30 is_stmt 0 discriminator 2 view .LVU32
 153 0020 0CF1010C 		add	ip, ip, #1
 154              	.LVL8:
  28:BASIC/usart/usart.c ****     while ((USART_N->SR & 0x40) == 0)
 155              		.loc 1 28 19 is_stmt 1 discriminator 2 view .LVU33
  28:BASIC/usart/usart.c ****     while ((USART_N->SR & 0x40) == 0)
 156              		.loc 1 28 3 is_stmt 0 discriminator 2 view .LVU34
 157 0024 8445     		cmp	ip, r0
 158 0026 F1DB     		blt	.L9
 159              	.LBE3:
  32:BASIC/usart/usart.c ****   }
  33:BASIC/usart/usart.c ****   return size;
 160              		.loc 1 33 3 is_stmt 1 view .LVU35
  34:BASIC/usart/usart.c **** }
 161              		.loc 1 34 1 is_stmt 0 view .LVU36
 162 0028 5DF804FB 		ldr	pc, [sp], #4
 163              	.LVL9:
 164              	.L14:
 165              	.LCFI1:
 166              		.cfi_def_cfa_offset 0
 167              		.cfi_restore 14
 168              		.loc 1 34 1 view .LVU37
 169 002c 7047     		bx	lr
 170              	.L16:
 171 002e 00BF     		.align	2
 172              	.L15:
 173 0030 00380140 		.word	1073821696
 174              		.cfi_endproc
 175              	.LFE35:
 177              		.section	.text.USART1_printf,"ax",%progbits
 178              		.align	1
 179              		.global	USART1_printf
 180              		.syntax unified
 181              		.thumb
 182              		.thumb_func
 184              	USART1_printf:
 185              	.LVL10:
 186              	.LFB36:
  35:BASIC/usart/usart.c **** #endif
  36:BASIC/usart/usart.c **** 
  37:BASIC/usart/usart.c **** #if EN_USART1
  38:BASIC/usart/usart.c **** u8 USART1_RX_BUF[USART1_REC_LEN];
  39:BASIC/usart/usart.c **** // Êé•Êî∂Áä∂ÊÄÅ
  40:BASIC/usart/usart.c **** // bit15 Êé•Êî∂ÂÆåÊàêÊ†áÂøó
ARM GAS  C:\Users\Rick\AppData\Local\Temp\ccfDQdce.s 			page 5


  41:BASIC/usart/usart.c **** // bit14 Êé•Êî∂Âà∞0x0d
  42:BASIC/usart/usart.c **** // bit13~0 Êé•Êî∂Âà∞ÁöÑÊúâÊïàÂ≠óËäÇÊï∞
  43:BASIC/usart/usart.c **** u16 USART1_RX_STA = 0;
  44:BASIC/usart/usart.c **** 
  45:BASIC/usart/usart.c **** /*
  46:BASIC/usart/usart.c **** USART1‰∏ìÁî®printfÂáΩÊï∞
  47:BASIC/usart/usart.c **** ÂΩìÂêåÊó∂ÂºÄÂêØ2‰∏™‰ª•‰∏ä‰∏≤Âè£Êó∂ÔºåprintfÂáΩÊï∞Âè™ËÉΩÁî®Êà∑ÂÖ∂‰∏≠‰πã‰∏ÄÔºåÂÖ∂‰ªñ‰∏≤Âè£Ë¶ÅÂàõÂª∫Áã
  48:BASIC/usart/usart.c **** Ë∞ÉÁî®ÊñπÊ≥ïÔºöUSART1_printf("123"); // ÂêëUSART1ÂèëÈÄÅÂ≠óÁ¨¶‰∏≤123
  49:BASIC/usart/usart.c **** */
  50:BASIC/usart/usart.c **** void USART1_printf(char* fmt, ...) {
 187              		.loc 1 50 36 is_stmt 1 view -0
 188              		.cfi_startproc
 189              		@ args = 4, pretend = 16, frame = 2056
 190              		@ frame_needed = 0, uses_anonymous_args = 1
 191              		.loc 1 50 36 is_stmt 0 view .LVU39
 192 0000 0FB4     		push	{r0, r1, r2, r3}
 193              	.LCFI2:
 194              		.cfi_def_cfa_offset 16
 195              		.cfi_offset 0, -16
 196              		.cfi_offset 1, -12
 197              		.cfi_offset 2, -8
 198              		.cfi_offset 3, -4
 199 0002 30B5     		push	{r4, r5, lr}
 200              	.LCFI3:
 201              		.cfi_def_cfa_offset 28
 202              		.cfi_offset 4, -28
 203              		.cfi_offset 5, -24
 204              		.cfi_offset 14, -20
 205 0004 ADF60C0D 		subw	sp, sp, #2060
 206              	.LCFI4:
 207              		.cfi_def_cfa_offset 2088
 208 0008 0DF61803 		addw	r3, sp, #2072
 209 000c 53F8042B 		ldr	r2, [r3], #4
  51:BASIC/usart/usart.c ****   char buffer[USART1_REC_LEN + 1];
 210              		.loc 1 51 3 is_stmt 1 view .LVU40
  52:BASIC/usart/usart.c ****   u8 i = 0;
 211              		.loc 1 52 3 view .LVU41
 212              	.LVL11:
  53:BASIC/usart/usart.c ****   va_list arg_ptr;
 213              		.loc 1 53 3 view .LVU42
  54:BASIC/usart/usart.c ****   va_start(arg_ptr, fmt);
 214              		.loc 1 54 3 view .LVU43
 215 0010 0093     		str	r3, [sp]
  55:BASIC/usart/usart.c ****   vsnprintf(buffer, USART1_REC_LEN + 1, fmt, arg_ptr);
 216              		.loc 1 55 3 view .LVU44
 217 0012 40F60101 		movw	r1, #2049
 218 0016 01A8     		add	r0, sp, #4
 219 0018 FFF7FEFF 		bl	vsnprintf
 220              	.LVL12:
  56:BASIC/usart/usart.c ****   while ((i < USART1_REC_LEN) && (i < strlen(buffer))) {
 221              		.loc 1 56 3 view .LVU45
  52:BASIC/usart/usart.c ****   va_list arg_ptr;
 222              		.loc 1 52 6 is_stmt 0 view .LVU46
 223 001c 0024     		movs	r4, #0
 224              		.loc 1 56 9 view .LVU47
 225 001e 0DE0     		b	.L18
 226              	.LVL13:
ARM GAS  C:\Users\Rick\AppData\Local\Temp\ccfDQdce.s 			page 6


 227              	.L20:
  57:BASIC/usart/usart.c ****     USART_SendData(USART1, (u8)buffer[i++]);
 228              		.loc 1 57 5 is_stmt 1 view .LVU48
 229              		.loc 1 57 40 is_stmt 0 view .LVU49
 230 0020 651C     		adds	r5, r4, #1
 231 0022 EDB2     		uxtb	r5, r5
 232              	.LVL14:
 233              		.loc 1 57 5 view .LVU50
 234 0024 01AB     		add	r3, sp, #4
 235 0026 195D     		ldrb	r1, [r3, r4]	@ zero_extendqisi2
 236 0028 0A48     		ldr	r0, .L22
 237 002a FFF7FEFF 		bl	USART_SendData
 238              	.LVL15:
  58:BASIC/usart/usart.c ****     while (USART_GetFlagStatus(USART1, USART_FLAG_TC) == RESET)
 239              		.loc 1 58 5 is_stmt 1 view .LVU51
 240              	.L19:
  59:BASIC/usart/usart.c ****       ;
 241              		.loc 1 59 7 discriminator 1 view .LVU52
  58:BASIC/usart/usart.c ****     while (USART_GetFlagStatus(USART1, USART_FLAG_TC) == RESET)
 242              		.loc 1 58 11 discriminator 1 view .LVU53
  58:BASIC/usart/usart.c ****     while (USART_GetFlagStatus(USART1, USART_FLAG_TC) == RESET)
 243              		.loc 1 58 12 is_stmt 0 discriminator 1 view .LVU54
 244 002e 4021     		movs	r1, #64
 245 0030 0848     		ldr	r0, .L22
 246 0032 FFF7FEFF 		bl	USART_GetFlagStatus
 247              	.LVL16:
  58:BASIC/usart/usart.c ****     while (USART_GetFlagStatus(USART1, USART_FLAG_TC) == RESET)
 248              		.loc 1 58 11 discriminator 1 view .LVU55
 249 0036 0028     		cmp	r0, #0
 250 0038 F9D0     		beq	.L19
  57:BASIC/usart/usart.c ****     USART_SendData(USART1, (u8)buffer[i++]);
 251              		.loc 1 57 40 view .LVU56
 252 003a 2C46     		mov	r4, r5
 253              	.LVL17:
 254              	.L18:
  56:BASIC/usart/usart.c ****     USART_SendData(USART1, (u8)buffer[i++]);
 255              		.loc 1 56 9 is_stmt 1 view .LVU57
  56:BASIC/usart/usart.c ****     USART_SendData(USART1, (u8)buffer[i++]);
 256              		.loc 1 56 39 is_stmt 0 view .LVU58
 257 003c 01A8     		add	r0, sp, #4
 258 003e FFF7FEFF 		bl	strlen
 259              	.LVL18:
  56:BASIC/usart/usart.c ****     USART_SendData(USART1, (u8)buffer[i++]);
 260              		.loc 1 56 9 view .LVU59
 261 0042 8442     		cmp	r4, r0
 262 0044 ECD3     		bcc	.L20
  60:BASIC/usart/usart.c ****   }
  61:BASIC/usart/usart.c ****   va_end(arg_ptr);
  62:BASIC/usart/usart.c **** }
 263              		.loc 1 62 1 view .LVU60
 264 0046 0DF60C0D 		addw	sp, sp, #2060
 265              	.LCFI5:
 266              		.cfi_def_cfa_offset 28
 267              		@ sp needed
 268 004a BDE83040 		pop	{r4, r5, lr}
 269              	.LCFI6:
 270              		.cfi_restore 14
ARM GAS  C:\Users\Rick\AppData\Local\Temp\ccfDQdce.s 			page 7


 271              		.cfi_restore 5
 272              		.cfi_restore 4
 273              		.cfi_def_cfa_offset 16
 274              	.LVL19:
 275              		.loc 1 62 1 view .LVU61
 276 004e 04B0     		add	sp, sp, #16
 277              	.LCFI7:
 278              		.cfi_restore 3
 279              		.cfi_restore 2
 280              		.cfi_restore 1
 281              		.cfi_restore 0
 282              		.cfi_def_cfa_offset 0
 283 0050 7047     		bx	lr
 284              	.L23:
 285 0052 00BF     		.align	2
 286              	.L22:
 287 0054 00380140 		.word	1073821696
 288              		.cfi_endproc
 289              	.LFE36:
 291              		.section	.text.USART1_Init,"ax",%progbits
 292              		.align	1
 293              		.global	USART1_Init
 294              		.syntax unified
 295              		.thumb
 296              		.thumb_func
 298              	USART1_Init:
 299              	.LVL20:
 300              	.LFB37:
  63:BASIC/usart/usart.c **** 
  64:BASIC/usart/usart.c **** void USART1_Init(u32 bound) {
 301              		.loc 1 64 29 is_stmt 1 view -0
 302              		.cfi_startproc
 303              		@ args = 0, pretend = 0, frame = 24
 304              		@ frame_needed = 0, uses_anonymous_args = 0
 305              		.loc 1 64 29 is_stmt 0 view .LVU63
 306 0000 70B5     		push	{r4, r5, r6, lr}
 307              	.LCFI8:
 308              		.cfi_def_cfa_offset 16
 309              		.cfi_offset 4, -16
 310              		.cfi_offset 5, -12
 311              		.cfi_offset 6, -8
 312              		.cfi_offset 14, -4
 313 0002 86B0     		sub	sp, sp, #24
 314              	.LCFI9:
 315              		.cfi_def_cfa_offset 40
 316 0004 0446     		mov	r4, r0
  65:BASIC/usart/usart.c ****   GPIO_InitTypeDef GPIO_InitStructure;
 317              		.loc 1 65 3 is_stmt 1 view .LVU64
  66:BASIC/usart/usart.c ****   USART_InitTypeDef USART_InitStructure;
 318              		.loc 1 66 3 view .LVU65
  67:BASIC/usart/usart.c ****   NVIC_InitTypeDef NVIC_InitStructure;
 319              		.loc 1 67 3 view .LVU66
  68:BASIC/usart/usart.c ****   RCC_APB2PeriphClockCmd(RCC_APB2Periph_USART1 | RCC_APB2Periph_GPIOA, ENABLE);
 320              		.loc 1 68 3 view .LVU67
 321 0006 0121     		movs	r1, #1
 322 0008 44F20400 		movw	r0, #16388
 323              	.LVL21:
ARM GAS  C:\Users\Rick\AppData\Local\Temp\ccfDQdce.s 			page 8


 324              		.loc 1 68 3 is_stmt 0 view .LVU68
 325 000c FFF7FEFF 		bl	RCC_APB2PeriphClockCmd
 326              	.LVL22:
  69:BASIC/usart/usart.c **** 
  70:BASIC/usart/usart.c ****   GPIO_InitStructure.GPIO_Pin = GPIO_Pin_9;
 327              		.loc 1 70 3 is_stmt 1 view .LVU69
 328              		.loc 1 70 31 is_stmt 0 view .LVU70
 329 0010 4FF40073 		mov	r3, #512
 330 0014 ADF81430 		strh	r3, [sp, #20]	@ movhi
  71:BASIC/usart/usart.c ****   GPIO_InitStructure.GPIO_Speed = GPIO_Speed_50MHz;
 331              		.loc 1 71 3 is_stmt 1 view .LVU71
 332              		.loc 1 71 33 is_stmt 0 view .LVU72
 333 0018 0325     		movs	r5, #3
 334 001a 8DF81650 		strb	r5, [sp, #22]
  72:BASIC/usart/usart.c ****   GPIO_InitStructure.GPIO_Mode = GPIO_Mode_AF_PP;
 335              		.loc 1 72 3 is_stmt 1 view .LVU73
 336              		.loc 1 72 32 is_stmt 0 view .LVU74
 337 001e 1823     		movs	r3, #24
 338 0020 8DF81730 		strb	r3, [sp, #23]
  73:BASIC/usart/usart.c ****   GPIO_Init(GPIOA, &GPIO_InitStructure);
 339              		.loc 1 73 3 is_stmt 1 view .LVU75
 340 0024 1D4E     		ldr	r6, .L26
 341 0026 05A9     		add	r1, sp, #20
 342 0028 3046     		mov	r0, r6
 343 002a FFF7FEFF 		bl	GPIO_Init
 344              	.LVL23:
  74:BASIC/usart/usart.c **** 
  75:BASIC/usart/usart.c ****   GPIO_InitStructure.GPIO_Pin = GPIO_Pin_10;
 345              		.loc 1 75 3 view .LVU76
 346              		.loc 1 75 31 is_stmt 0 view .LVU77
 347 002e 4FF48063 		mov	r3, #1024
 348 0032 ADF81430 		strh	r3, [sp, #20]	@ movhi
  76:BASIC/usart/usart.c ****   GPIO_InitStructure.GPIO_Mode = GPIO_Mode_IN_FLOATING;
 349              		.loc 1 76 3 is_stmt 1 view .LVU78
 350              		.loc 1 76 32 is_stmt 0 view .LVU79
 351 0036 0423     		movs	r3, #4
 352 0038 8DF81730 		strb	r3, [sp, #23]
  77:BASIC/usart/usart.c ****   GPIO_Init(GPIOA, &GPIO_InitStructure);
 353              		.loc 1 77 3 is_stmt 1 view .LVU80
 354 003c 05A9     		add	r1, sp, #20
 355 003e 3046     		mov	r0, r6
 356 0040 FFF7FEFF 		bl	GPIO_Init
 357              	.LVL24:
  78:BASIC/usart/usart.c **** 
  79:BASIC/usart/usart.c ****   NVIC_InitStructure.NVIC_IRQChannel = USART1_IRQn;
 358              		.loc 1 79 3 view .LVU81
 359              		.loc 1 79 38 is_stmt 0 view .LVU82
 360 0044 2523     		movs	r3, #37
 361 0046 8DF80030 		strb	r3, [sp]
  80:BASIC/usart/usart.c ****   NVIC_InitStructure.NVIC_IRQChannelPreemptionPriority = 3;
 362              		.loc 1 80 3 is_stmt 1 view .LVU83
 363              		.loc 1 80 56 is_stmt 0 view .LVU84
 364 004a 8DF80150 		strb	r5, [sp, #1]
  81:BASIC/usart/usart.c ****   NVIC_InitStructure.NVIC_IRQChannelSubPriority = 3;
 365              		.loc 1 81 3 is_stmt 1 view .LVU85
 366              		.loc 1 81 49 is_stmt 0 view .LVU86
 367 004e 8DF80250 		strb	r5, [sp, #2]
ARM GAS  C:\Users\Rick\AppData\Local\Temp\ccfDQdce.s 			page 9


  82:BASIC/usart/usart.c ****   NVIC_InitStructure.NVIC_IRQChannelCmd = ENABLE;
 368              		.loc 1 82 3 is_stmt 1 view .LVU87
 369              		.loc 1 82 41 is_stmt 0 view .LVU88
 370 0052 0126     		movs	r6, #1
 371 0054 8DF80360 		strb	r6, [sp, #3]
  83:BASIC/usart/usart.c ****   NVIC_Init(&NVIC_InitStructure);
 372              		.loc 1 83 3 is_stmt 1 view .LVU89
 373 0058 6846     		mov	r0, sp
 374 005a FFF7FEFF 		bl	NVIC_Init
 375              	.LVL25:
  84:BASIC/usart/usart.c **** 
  85:BASIC/usart/usart.c ****   USART_InitStructure.USART_BaudRate = bound;
 376              		.loc 1 85 3 view .LVU90
 377              		.loc 1 85 38 is_stmt 0 view .LVU91
 378 005e 0194     		str	r4, [sp, #4]
  86:BASIC/usart/usart.c ****   USART_InitStructure.USART_WordLength = USART_WordLength_8b;
 379              		.loc 1 86 3 is_stmt 1 view .LVU92
 380              		.loc 1 86 40 is_stmt 0 view .LVU93
 381 0060 0024     		movs	r4, #0
 382              	.LVL26:
 383              		.loc 1 86 40 view .LVU94
 384 0062 ADF80840 		strh	r4, [sp, #8]	@ movhi
  87:BASIC/usart/usart.c ****   USART_InitStructure.USART_StopBits = USART_StopBits_1;
 385              		.loc 1 87 3 is_stmt 1 view .LVU95
 386              		.loc 1 87 38 is_stmt 0 view .LVU96
 387 0066 ADF80A40 		strh	r4, [sp, #10]	@ movhi
  88:BASIC/usart/usart.c ****   USART_InitStructure.USART_Parity = USART_Parity_No;
 388              		.loc 1 88 3 is_stmt 1 view .LVU97
 389              		.loc 1 88 36 is_stmt 0 view .LVU98
 390 006a ADF80C40 		strh	r4, [sp, #12]	@ movhi
  89:BASIC/usart/usart.c ****   USART_InitStructure.USART_HardwareFlowControl =
 391              		.loc 1 89 3 is_stmt 1 view .LVU99
 392              		.loc 1 89 49 is_stmt 0 view .LVU100
 393 006e ADF81040 		strh	r4, [sp, #16]	@ movhi
  90:BASIC/usart/usart.c ****       USART_HardwareFlowControl_None;
  91:BASIC/usart/usart.c ****   USART_InitStructure.USART_Mode = USART_Mode_Rx | USART_Mode_Tx;
 394              		.loc 1 91 3 is_stmt 1 view .LVU101
 395              		.loc 1 91 34 is_stmt 0 view .LVU102
 396 0072 0C23     		movs	r3, #12
 397 0074 ADF80E30 		strh	r3, [sp, #14]	@ movhi
  92:BASIC/usart/usart.c ****   USART_Init(USART1, &USART_InitStructure);
 398              		.loc 1 92 3 is_stmt 1 view .LVU103
 399 0078 094D     		ldr	r5, .L26+4
 400 007a 01A9     		add	r1, sp, #4
 401              	.LVL27:
 402              		.loc 1 92 3 is_stmt 0 view .LVU104
 403 007c 2846     		mov	r0, r5
 404 007e FFF7FEFF 		bl	USART_Init
 405              	.LVL28:
  93:BASIC/usart/usart.c ****   USART_ITConfig(USART1, USART_IT_RXNE, DISABLE);
 406              		.loc 1 93 3 is_stmt 1 view .LVU105
 407 0082 2246     		mov	r2, r4
 408 0084 40F22551 		movw	r1, #1317
 409 0088 2846     		mov	r0, r5
 410 008a FFF7FEFF 		bl	USART_ITConfig
 411              	.LVL29:
  94:BASIC/usart/usart.c ****   USART_Cmd(USART1, ENABLE);
ARM GAS  C:\Users\Rick\AppData\Local\Temp\ccfDQdce.s 			page 10


 412              		.loc 1 94 3 view .LVU106
 413 008e 3146     		mov	r1, r6
 414 0090 2846     		mov	r0, r5
 415 0092 FFF7FEFF 		bl	USART_Cmd
 416              	.LVL30:
  95:BASIC/usart/usart.c **** }
 417              		.loc 1 95 1 is_stmt 0 view .LVU107
 418 0096 06B0     		add	sp, sp, #24
 419              	.LCFI10:
 420              		.cfi_def_cfa_offset 16
 421              		@ sp needed
 422 0098 70BD     		pop	{r4, r5, r6, pc}
 423              	.L27:
 424 009a 00BF     		.align	2
 425              	.L26:
 426 009c 00080140 		.word	1073809408
 427 00a0 00380140 		.word	1073821696
 428              		.cfi_endproc
 429              	.LFE37:
 431              		.section	.text.USART1_IRQHandler,"ax",%progbits
 432              		.align	1
 433              		.global	USART1_IRQHandler
 434              		.syntax unified
 435              		.thumb
 436              		.thumb_func
 438              	USART1_IRQHandler:
 439              	.LFB38:
  96:BASIC/usart/usart.c **** 
  97:BASIC/usart/usart.c **** void USART1_IRQHandler(void) {
 440              		.loc 1 97 30 is_stmt 1 view -0
 441              		.cfi_startproc
 442              		@ args = 0, pretend = 0, frame = 0
 443              		@ frame_needed = 0, uses_anonymous_args = 0
 444 0000 08B5     		push	{r3, lr}
 445              	.LCFI11:
 446              		.cfi_def_cfa_offset 8
 447              		.cfi_offset 3, -8
 448              		.cfi_offset 14, -4
  98:BASIC/usart/usart.c ****   u8 Res;
 449              		.loc 1 98 3 view .LVU109
  99:BASIC/usart/usart.c ****   if (USART_GetITStatus(USART1, USART_IT_RXNE) != RESET) {
 450              		.loc 1 99 3 view .LVU110
 451              		.loc 1 99 7 is_stmt 0 view .LVU111
 452 0002 40F22551 		movw	r1, #1317
 453 0006 1A48     		ldr	r0, .L36
 454 0008 FFF7FEFF 		bl	USART_GetITStatus
 455              	.LVL31:
 456              		.loc 1 99 6 view .LVU112
 457 000c 00B9     		cbnz	r0, .L34
 458              	.L28:
 100:BASIC/usart/usart.c ****     Res = USART_ReceiveData(USART1);
 101:BASIC/usart/usart.c ****     if ((USART1_RX_STA & 0x8000) == 0) {
 102:BASIC/usart/usart.c ****       if (USART1_RX_STA & 0x4000) {
 103:BASIC/usart/usart.c ****         if (Res != 0x0a)
 104:BASIC/usart/usart.c ****           USART1_RX_STA = 0;
 105:BASIC/usart/usart.c ****         else
 106:BASIC/usart/usart.c ****           USART1_RX_STA |= 0x8000;
ARM GAS  C:\Users\Rick\AppData\Local\Temp\ccfDQdce.s 			page 11


 107:BASIC/usart/usart.c ****       } else {
 108:BASIC/usart/usart.c ****         if (Res == 0x0d)
 109:BASIC/usart/usart.c ****           USART1_RX_STA |= 0x4000;
 110:BASIC/usart/usart.c ****         else {
 111:BASIC/usart/usart.c ****           USART1_RX_BUF[USART1_RX_STA & 0X3FFF] = Res;
 112:BASIC/usart/usart.c ****           USART1_RX_STA++;
 113:BASIC/usart/usart.c ****           if (USART1_RX_STA > (USART1_REC_LEN - 1)) USART1_RX_STA = 0;
 114:BASIC/usart/usart.c ****         }
 115:BASIC/usart/usart.c ****       }
 116:BASIC/usart/usart.c ****     }
 117:BASIC/usart/usart.c ****   }
 118:BASIC/usart/usart.c **** }
 459              		.loc 1 118 1 view .LVU113
 460 000e 08BD     		pop	{r3, pc}
 461              	.L34:
 100:BASIC/usart/usart.c ****     Res = USART_ReceiveData(USART1);
 462              		.loc 1 100 5 is_stmt 1 view .LVU114
 100:BASIC/usart/usart.c ****     Res = USART_ReceiveData(USART1);
 463              		.loc 1 100 11 is_stmt 0 view .LVU115
 464 0010 1748     		ldr	r0, .L36
 465 0012 FFF7FEFF 		bl	USART_ReceiveData
 466              	.LVL32:
 100:BASIC/usart/usart.c ****     Res = USART_ReceiveData(USART1);
 467              		.loc 1 100 9 view .LVU116
 468 0016 C0B2     		uxtb	r0, r0
 469              	.LVL33:
 101:BASIC/usart/usart.c ****       if (USART1_RX_STA & 0x4000) {
 470              		.loc 1 101 5 is_stmt 1 view .LVU117
 101:BASIC/usart/usart.c ****       if (USART1_RX_STA & 0x4000) {
 471              		.loc 1 101 34 is_stmt 0 view .LVU118
 472 0018 164A     		ldr	r2, .L36+4
 473 001a 1388     		ldrh	r3, [r2]
 474 001c B2F90020 		ldrsh	r2, [r2]
 101:BASIC/usart/usart.c ****       if (USART1_RX_STA & 0x4000) {
 475              		.loc 1 101 8 view .LVU119
 476 0020 002A     		cmp	r2, #0
 477 0022 F4DB     		blt	.L28
 102:BASIC/usart/usart.c ****         if (Res != 0x0a)
 478              		.loc 1 102 7 is_stmt 1 view .LVU120
 102:BASIC/usart/usart.c ****         if (Res != 0x0a)
 479              		.loc 1 102 10 is_stmt 0 view .LVU121
 480 0024 13F4804F 		tst	r3, #16384
 481 0028 0CD0     		beq	.L30
 103:BASIC/usart/usart.c ****           USART1_RX_STA = 0;
 482              		.loc 1 103 9 is_stmt 1 view .LVU122
 103:BASIC/usart/usart.c ****           USART1_RX_STA = 0;
 483              		.loc 1 103 12 is_stmt 0 view .LVU123
 484 002a 0A28     		cmp	r0, #10
 485 002c 03D0     		beq	.L31
 104:BASIC/usart/usart.c ****         else
 486              		.loc 1 104 11 is_stmt 1 view .LVU124
 104:BASIC/usart/usart.c ****         else
 487              		.loc 1 104 25 is_stmt 0 view .LVU125
 488 002e 114B     		ldr	r3, .L36+4
 489 0030 0022     		movs	r2, #0
 490 0032 1A80     		strh	r2, [r3]	@ movhi
 491 0034 EBE7     		b	.L28
ARM GAS  C:\Users\Rick\AppData\Local\Temp\ccfDQdce.s 			page 12


 492              	.L31:
 106:BASIC/usart/usart.c ****       } else {
 493              		.loc 1 106 11 is_stmt 1 view .LVU126
 106:BASIC/usart/usart.c ****       } else {
 494              		.loc 1 106 25 is_stmt 0 view .LVU127
 495 0036 6FEA4343 		mvn	r3, r3, lsl #17
 496 003a 6FEA5343 		mvn	r3, r3, lsr #17
 497 003e 0D4A     		ldr	r2, .L36+4
 498 0040 1380     		strh	r3, [r2]	@ movhi
 499 0042 E4E7     		b	.L28
 500              	.L30:
 108:BASIC/usart/usart.c ****           USART1_RX_STA |= 0x4000;
 501              		.loc 1 108 9 is_stmt 1 view .LVU128
 108:BASIC/usart/usart.c ****           USART1_RX_STA |= 0x4000;
 502              		.loc 1 108 12 is_stmt 0 view .LVU129
 503 0044 0D28     		cmp	r0, #13
 504 0046 0ED0     		beq	.L35
 111:BASIC/usart/usart.c ****           USART1_RX_STA++;
 505              		.loc 1 111 11 is_stmt 1 view .LVU130
 111:BASIC/usart/usart.c ****           USART1_RX_STA++;
 506              		.loc 1 111 39 is_stmt 0 view .LVU131
 507 0048 C3F30D02 		ubfx	r2, r3, #0, #14
 111:BASIC/usart/usart.c ****           USART1_RX_STA++;
 508              		.loc 1 111 49 view .LVU132
 509 004c 0A49     		ldr	r1, .L36+8
 510 004e 8854     		strb	r0, [r1, r2]
 112:BASIC/usart/usart.c ****           if (USART1_RX_STA > (USART1_REC_LEN - 1)) USART1_RX_STA = 0;
 511              		.loc 1 112 11 is_stmt 1 view .LVU133
 112:BASIC/usart/usart.c ****           if (USART1_RX_STA > (USART1_REC_LEN - 1)) USART1_RX_STA = 0;
 512              		.loc 1 112 24 is_stmt 0 view .LVU134
 513 0050 0133     		adds	r3, r3, #1
 514 0052 9BB2     		uxth	r3, r3
 515 0054 074A     		ldr	r2, .L36+4
 516 0056 1380     		strh	r3, [r2]	@ movhi
 113:BASIC/usart/usart.c ****         }
 517              		.loc 1 113 11 is_stmt 1 view .LVU135
 113:BASIC/usart/usart.c ****         }
 518              		.loc 1 113 14 is_stmt 0 view .LVU136
 519 0058 B3F5006F 		cmp	r3, #2048
 520 005c D7D3     		bcc	.L28
 113:BASIC/usart/usart.c ****         }
 521              		.loc 1 113 53 is_stmt 1 discriminator 1 view .LVU137
 113:BASIC/usart/usart.c ****         }
 522              		.loc 1 113 67 is_stmt 0 discriminator 1 view .LVU138
 523 005e 1346     		mov	r3, r2
 524 0060 0022     		movs	r2, #0
 525 0062 1A80     		strh	r2, [r3]	@ movhi
 526              		.loc 1 118 1 discriminator 1 view .LVU139
 527 0064 D3E7     		b	.L28
 528              	.L35:
 109:BASIC/usart/usart.c ****         else {
 529              		.loc 1 109 11 is_stmt 1 view .LVU140
 109:BASIC/usart/usart.c ****         else {
 530              		.loc 1 109 25 is_stmt 0 view .LVU141
 531 0066 43F48043 		orr	r3, r3, #16384
 532 006a 024A     		ldr	r2, .L36+4
 533 006c 1380     		strh	r3, [r2]	@ movhi
ARM GAS  C:\Users\Rick\AppData\Local\Temp\ccfDQdce.s 			page 13


 534 006e CEE7     		b	.L28
 535              	.L37:
 536              		.align	2
 537              	.L36:
 538 0070 00380140 		.word	1073821696
 539 0074 00000000 		.word	.LANCHOR0
 540 0078 00000000 		.word	.LANCHOR1
 541              		.cfi_endproc
 542              	.LFE38:
 544              		.global	USART1_RX_STA
 545              		.global	USART1_RX_BUF
 546              		.global	__stdout
 547              		.section	.bss.USART1_RX_BUF,"aw",%nobits
 548              		.align	2
 549              		.set	.LANCHOR1,. + 0
 552              	USART1_RX_BUF:
 553 0000 00000000 		.space	2048
 553      00000000 
 553      00000000 
 553      00000000 
 553      00000000 
 554              		.section	.bss.USART1_RX_STA,"aw",%nobits
 555              		.align	1
 556              		.set	.LANCHOR0,. + 0
 559              	USART1_RX_STA:
 560 0000 0000     		.space	2
 561              		.section	.bss.__stdout,"aw",%nobits
 562              		.align	2
 565              	__stdout:
 566 0000 00000000 		.space	104
 566      00000000 
 566      00000000 
 566      00000000 
 566      00000000 
 567              		.text
 568              	.Letext0:
 569              		.file 2 "c:\\develop\\gcc-arm-none-eabi\\lib\\gcc\\arm-none-eabi\\10.3.1\\include\\stdarg.h"
 570              		.file 3 "c:\\develop\\gcc-arm-none-eabi\\arm-none-eabi\\include\\machine\\_default_types.h"
 571              		.file 4 "c:\\develop\\gcc-arm-none-eabi\\lib\\gcc\\arm-none-eabi\\10.3.1\\include\\stddef.h"
 572              		.file 5 "c:\\develop\\gcc-arm-none-eabi\\arm-none-eabi\\include\\sys\\_types.h"
 573              		.file 6 "c:\\develop\\gcc-arm-none-eabi\\arm-none-eabi\\include\\sys\\reent.h"
 574              		.file 7 "c:\\develop\\gcc-arm-none-eabi\\arm-none-eabi\\include\\sys\\lock.h"
 575              		.file 8 "c:\\develop\\gcc-arm-none-eabi\\arm-none-eabi\\include\\sys\\_stdint.h"
 576              		.file 9 "c:\\develop\\gcc-arm-none-eabi\\arm-none-eabi\\include\\stdio.h"
 577              		.file 10 "CMSIS/stm32f10x.h"
 578              		.file 11 "LIB/inc/stm32f10x_gpio.h"
 579              		.file 12 "LIB/inc/stm32f10x_usart.h"
 580              		.file 13 "LIB/inc/misc.h"
 581              		.file 14 "BASIC/usart/usart.h"
 582              		.file 15 "LIB/inc/stm32f10x_rcc.h"
 583              		.file 16 "c:\\develop\\gcc-arm-none-eabi\\arm-none-eabi\\include\\string.h"
 584              		.file 17 "<built-in>"
ARM GAS  C:\Users\Rick\AppData\Local\Temp\ccfDQdce.s 			page 14


DEFINED SYMBOLS
                            *ABS*:00000000 usart.c
C:\Users\Rick\AppData\Local\Temp\ccfDQdce.s:18     .text._sys_exit:00000000 $t
C:\Users\Rick\AppData\Local\Temp\ccfDQdce.s:24     .text._sys_exit:00000000 _sys_exit
C:\Users\Rick\AppData\Local\Temp\ccfDQdce.s:41     .text._ttywrch:00000000 $t
C:\Users\Rick\AppData\Local\Temp\ccfDQdce.s:47     .text._ttywrch:00000000 _ttywrch
C:\Users\Rick\AppData\Local\Temp\ccfDQdce.s:63     .text.fputc:00000000 $t
C:\Users\Rick\AppData\Local\Temp\ccfDQdce.s:69     .text.fputc:00000000 fputc
C:\Users\Rick\AppData\Local\Temp\ccfDQdce.s:98     .text.fputc:00000014 $d
C:\Users\Rick\AppData\Local\Temp\ccfDQdce.s:103    .text._write:00000000 $t
C:\Users\Rick\AppData\Local\Temp\ccfDQdce.s:109    .text._write:00000000 _write
C:\Users\Rick\AppData\Local\Temp\ccfDQdce.s:173    .text._write:00000030 $d
C:\Users\Rick\AppData\Local\Temp\ccfDQdce.s:178    .text.USART1_printf:00000000 $t
C:\Users\Rick\AppData\Local\Temp\ccfDQdce.s:184    .text.USART1_printf:00000000 USART1_printf
C:\Users\Rick\AppData\Local\Temp\ccfDQdce.s:287    .text.USART1_printf:00000054 $d
C:\Users\Rick\AppData\Local\Temp\ccfDQdce.s:292    .text.USART1_Init:00000000 $t
C:\Users\Rick\AppData\Local\Temp\ccfDQdce.s:298    .text.USART1_Init:00000000 USART1_Init
C:\Users\Rick\AppData\Local\Temp\ccfDQdce.s:426    .text.USART1_Init:0000009c $d
C:\Users\Rick\AppData\Local\Temp\ccfDQdce.s:432    .text.USART1_IRQHandler:00000000 $t
C:\Users\Rick\AppData\Local\Temp\ccfDQdce.s:438    .text.USART1_IRQHandler:00000000 USART1_IRQHandler
C:\Users\Rick\AppData\Local\Temp\ccfDQdce.s:538    .text.USART1_IRQHandler:00000070 $d
C:\Users\Rick\AppData\Local\Temp\ccfDQdce.s:559    .bss.USART1_RX_STA:00000000 USART1_RX_STA
C:\Users\Rick\AppData\Local\Temp\ccfDQdce.s:552    .bss.USART1_RX_BUF:00000000 USART1_RX_BUF
C:\Users\Rick\AppData\Local\Temp\ccfDQdce.s:565    .bss.__stdout:00000000 __stdout
C:\Users\Rick\AppData\Local\Temp\ccfDQdce.s:548    .bss.USART1_RX_BUF:00000000 $d
C:\Users\Rick\AppData\Local\Temp\ccfDQdce.s:555    .bss.USART1_RX_STA:00000000 $d
C:\Users\Rick\AppData\Local\Temp\ccfDQdce.s:562    .bss.__stdout:00000000 $d

UNDEFINED SYMBOLS
vsnprintf
USART_SendData
USART_GetFlagStatus
strlen
RCC_APB2PeriphClockCmd
GPIO_Init
NVIC_Init
USART_Init
USART_ITConfig
USART_Cmd
USART_GetITStatus
USART_ReceiveData
